<?xml version="1.0" encoding="UTF-8"?>
<testng-results ignored="5" total="8" passed="3" failed="0" skipped="0">
  <reporter-output>
  </reporter-output>
  <suite started-at="2023-04-16T04:46:51Z" name="Sanity Suite" finished-at="2023-04-16T04:46:51Z" duration-ms="21">
    <groups>
      <group name="regression">
        <method signature="HomeLoanTest.test2()[pri:0, instance:testcases.HomeLoanTest@68034211]" name="test2" class="testcases.HomeLoanTest"/>
      </group> <!-- regression -->
      <group name="sanity">
        <method signature="CreditCard.test4()[pri:0, instance:testcases.CreditCard@1722011b]" name="test4" class="testcases.CreditCard"/>
        <method signature="HomeLoanTest.test2()[pri:0, instance:testcases.HomeLoanTest@68034211]" name="test2" class="testcases.HomeLoanTest"/>
        <method signature="HomeLoanTest.test1()[pri:0, instance:testcases.HomeLoanTest@68034211]" name="test1" class="testcases.HomeLoanTest"/>
      </group> <!-- sanity -->
    </groups>
    <test started-at="2023-04-16T04:46:51Z" name="Test" finished-at="2023-04-16T04:46:51Z" duration-ms="21">
      <class name="testcases.HomeLoanTest">
        <test-method is-config="true" signature="method3()[pri:0, instance:testcases.HomeLoanTest@68034211]" started-at="2023-04-16T04:46:51Z" name="method3" finished-at="2023-04-16T04:46:51Z" duration-ms="11" status="PASS">
          <reporter-output>
          </reporter-output>
        </test-method> <!-- method3 -->
        <test-method is-config="true" signature="method1()[pri:0, instance:testcases.HomeLoanTest@68034211]" started-at="2023-04-16T04:46:51Z" name="method1" finished-at="2023-04-16T04:46:51Z" duration-ms="0" status="PASS">
          <reporter-output>
          </reporter-output>
        </test-method> <!-- method1 -->
        <test-method signature="test2()[pri:0, instance:testcases.HomeLoanTest@68034211]" started-at="2023-04-16T04:46:51Z" name="test2" finished-at="2023-04-16T04:46:51Z" duration-ms="0" status="PASS">
          <reporter-output>
          </reporter-output>
        </test-method> <!-- test2 -->
        <test-method is-config="true" signature="method2()[pri:0, instance:testcases.HomeLoanTest@68034211]" started-at="2023-04-16T04:46:51Z" name="method2" finished-at="2023-04-16T04:46:51Z" duration-ms="0" status="PASS">
          <reporter-output>
          </reporter-output>
        </test-method> <!-- method2 -->
        <test-method signature="test1()[pri:0, instance:testcases.HomeLoanTest@68034211]" started-at="2023-04-16T04:46:51Z" name="test1" finished-at="2023-04-16T04:46:51Z" depends-on-methods="testcases.HomeLoanTest.test2" duration-ms="0" status="PASS">
          <reporter-output>
          </reporter-output>
        </test-method> <!-- test1 -->
        <test-method is-config="true" signature="method1()[pri:0, instance:testcases.HomeLoanTest@68034211]" started-at="2023-04-16T04:46:51Z" name="method1" finished-at="2023-04-16T04:46:51Z" duration-ms="0" status="PASS">
          <reporter-output>
          </reporter-output>
        </test-method> <!-- method1 -->
        <test-method is-config="true" signature="method2()[pri:0, instance:testcases.HomeLoanTest@68034211]" started-at="2023-04-16T04:46:51Z" name="method2" finished-at="2023-04-16T04:46:51Z" duration-ms="0" status="PASS">
          <reporter-output>
          </reporter-output>
        </test-method> <!-- method2 -->
        <test-method is-config="true" signature="method4()[pri:0, instance:testcases.HomeLoanTest@68034211]" started-at="2023-04-16T04:46:51Z" name="method4" finished-at="2023-04-16T04:46:51Z" duration-ms="0" status="PASS">
          <reporter-output>
          </reporter-output>
        </test-method> <!-- method4 -->
      </class> <!-- testcases.HomeLoanTest -->
      <class name="testcases.CreditCard">
        <test-method is-config="true" signature="method1()[pri:0, instance:testcases.CreditCard@1722011b]" started-at="2023-04-16T04:46:51Z" name="method1" finished-at="2023-04-16T04:46:51Z" duration-ms="0" status="PASS">
          <reporter-output>
          </reporter-output>
        </test-method> <!-- method1 -->
        <test-method signature="test4()[pri:0, instance:testcases.CreditCard@1722011b]" started-at="2023-04-16T04:46:51Z" name="test4" finished-at="2023-04-16T04:46:51Z" duration-ms="1" status="PASS">
          <reporter-output>
          </reporter-output>
        </test-method> <!-- test4 -->
        <test-method is-config="true" signature="method2()[pri:0, instance:testcases.CreditCard@1722011b]" started-at="2023-04-16T04:46:51Z" name="method2" finished-at="2023-04-16T04:46:51Z" duration-ms="0" status="PASS">
          <reporter-output>
          </reporter-output>
        </test-method> <!-- method2 -->
      </class> <!-- testcases.CreditCard -->
    </test> <!-- Test -->
  </suite> <!-- Sanity Suite -->
</testng-results>
